[23:22:01Z] START batch batch3 offset=100 limit=50
neo4j driver not installed. Install with: pip install neo4j
composer_missing_decision_synthesized
composer_missing_decision_synthesized
composer_missing_decision_synthesized
composer_missing_decision_synthesized
composer_missing_decision_synthesized
composer_missing_decision_synthesized
composer_missing_decision_synthesized
composer_missing_decision_synthesized
composer_missing_decision_synthesized
composer_missing_decision_synthesized
composer_missing_decision_synthesized
composer_missing_decision_synthesized
composer_missing_decision_synthesized
composer_missing_decision_synthesized
composer_missing_decision_synthesized
composer_missing_decision_synthesized
composer_missing_decision_synthesized
composer_missing_decision_synthesized
composer_missing_decision_synthesized
composer_missing_decision_synthesized
composer_missing_decision_synthesized
composer_missing_decision_synthesized
composer_missing_decision_synthesized
composer_missing_decision_synthesized
composer_missing_decision_synthesized
composer_missing_decision_synthesized
composer_missing_decision_synthesized
composer_missing_decision_synthesized
composer_missing_decision_synthesized
composer_missing_decision_synthesized
composer_missing_decision_synthesized
composer_missing_decision_synthesized
composer_missing_decision_synthesized
composer_missing_decision_synthesized
composer_missing_decision_synthesized
composer_missing_decision_synthesized
composer_missing_decision_synthesized
composer_missing_decision_synthesized
composer_missing_decision_synthesized
composer_missing_decision_synthesized
composer_missing_decision_synthesized
composer_missing_decision_synthesized
composer_missing_decision_synthesized
composer_missing_decision_synthesized
composer_missing_decision_synthesized
composer_missing_decision_synthesized
composer_missing_decision_synthesized
composer_missing_decision_synthesized
composer_missing_decision_synthesized
composer_missing_decision_synthesized
composer_missing_decision_synthesized
composer_missing_decision_synthesized
composer_missing_decision_synthesized
composer_missing_decision_synthesized
composer_missing_decision_synthesized
composer_missing_decision_synthesized
composer_missing_decision_synthesized
composer_missing_decision_synthesized
composer_missing_decision_synthesized
composer_missing_decision_synthesized
composer_missing_decision_synthesized
composer_missing_decision_synthesized
composer_missing_decision_synthesized
composer_missing_decision_synthesized
composer_missing_decision_synthesized
composer_missing_decision_synthesized
composer_missing_decision_synthesized
composer_missing_decision_synthesized
composer_missing_decision_synthesized
composer_missing_decision_synthesized
composer_missing_decision_synthesized
composer_missing_decision_synthesized
composer_missing_decision_synthesized
composer_missing_decision_synthesized
composer_missing_decision_synthesized
composer_missing_decision_synthesized
composer_missing_decision_synthesized
composer_missing_decision_synthesized
composer_missing_decision_synthesized
composer_missing_decision_synthesized
composer_missing_decision_synthesized
composer_missing_decision_synthesized
composer_missing_decision_synthesized
composer_missing_decision_synthesized
composer_missing_decision_synthesized
composer_missing_decision_synthesized
composer_missing_decision_synthesized
composer_missing_decision_synthesized
composer_missing_decision_synthesized
composer_missing_decision_synthesized
composer_missing_decision_synthesized
composer_missing_decision_synthesized
composer_missing_decision_synthesized
composer_missing_decision_synthesized
composer_missing_decision_synthesized
composer_missing_decision_synthesized
composer_missing_decision_synthesized
composer_missing_decision_synthesized
composer_missing_decision_synthesized
composer_missing_decision_synthesized
composer_missing_decision_synthesized
composer_missing_decision_synthesized
composer_missing_decision_synthesized
composer_missing_decision_synthesized
composer_missing_decision_synthesized
composer_missing_decision_synthesized
composer_missing_decision_synthesized
composer_missing_decision_synthesized
composer_missing_decision_synthesized
composer_missing_decision_synthesized
composer_missing_decision_synthesized
composer_missing_decision_synthesized
composer_missing_decision_synthesized
composer_missing_decision_synthesized
composer_missing_decision_synthesized
composer_missing_decision_synthesized
composer_missing_decision_synthesized
composer_missing_decision_synthesized
composer_missing_decision_synthesized
composer_missing_decision_synthesized
composer_missing_decision_synthesized
composer_missing_decision_synthesized
composer_missing_decision_synthesized
composer_missing_decision_synthesized
composer_missing_decision_synthesized
composer_missing_decision_synthesized
composer_missing_decision_synthesized
composer_missing_decision_synthesized
composer_missing_decision_synthesized
composer_missing_decision_synthesized
composer_missing_decision_synthesized
composer_missing_decision_synthesized
composer_missing_decision_synthesized
composer_missing_decision_synthesized
composer_missing_decision_synthesized
composer_missing_decision_synthesized
composer_missing_decision_synthesized
composer_missing_decision_synthesized
composer_missing_decision_synthesized
composer_missing_decision_synthesized
composer_missing_decision_synthesized
composer_missing_decision_synthesized
composer_missing_decision_synthesized
composer_missing_decision_synthesized
composer_missing_decision_synthesized
composer_missing_decision_synthesized
composer_missing_decision_synthesized
composer_missing_decision_synthesized
composer_missing_decision_synthesized
composer_missing_decision_synthesized
composer_missing_decision_synthesized
composer_missing_decision_synthesized
composer_missing_decision_synthesized
composer_missing_decision_synthesized
composer_missing_decision_synthesized
composer_missing_decision_synthesized
composer_missing_decision_synthesized
composer_missing_decision_synthesized
composer_missing_decision_synthesized
composer_missing_decision_synthesized
composer_missing_decision_synthesized
composer_missing_decision_synthesized
composer_missing_decision_synthesized
composer_missing_decision_synthesized
composer_missing_decision_synthesized
composer_missing_decision_synthesized
composer_missing_decision_synthesized
composer_missing_decision_synthesized
composer_missing_decision_synthesized
composer_missing_decision_synthesized
composer_missing_decision_synthesized
composer_missing_decision_synthesized
composer_missing_decision_synthesized
composer_missing_decision_synthesized
composer_missing_decision_synthesized
composer_missing_decision_synthesized
composer_missing_decision_synthesized
composer_missing_decision_synthesized
composer_missing_decision_synthesized
composer_missing_decision_synthesized
composer_missing_decision_synthesized
composer_missing_decision_synthesized
composer_missing_decision_synthesized
composer_missing_decision_synthesized
composer_missing_decision_synthesized
composer_missing_decision_synthesized
composer_missing_decision_synthesized
composer_missing_decision_synthesized
composer_missing_decision_synthesized
composer_missing_decision_synthesized
composer_missing_decision_synthesized
composer_missing_decision_synthesized
composer_missing_decision_synthesized
composer_missing_decision_synthesized
composer_missing_decision_synthesized
composer_missing_decision_synthesized
composer_missing_decision_synthesized
composer_missing_decision_synthesized
composer_missing_decision_synthesized
composer_missing_decision_synthesized
composer_missing_decision_synthesized
composer_missing_decision_synthesized
composer_missing_decision_synthesized
composer_missing_decision_synthesized
composer_missing_decision_synthesized
composer_missing_decision_synthesized
composer_missing_decision_synthesized
composer_missing_decision_synthesized
composer_missing_decision_synthesized
composer_missing_decision_synthesized
composer_missing_decision_synthesized
composer_missing_decision_synthesized
composer_missing_decision_synthesized
composer_missing_decision_synthesized
composer_missing_decision_synthesized
composer_missing_decision_synthesized
composer_missing_decision_synthesized
composer_missing_decision_synthesized
composer_missing_decision_synthesized
composer_missing_decision_synthesized
composer_missing_decision_synthesized
composer_missing_decision_synthesized
composer_missing_decision_synthesized
composer_missing_decision_synthesized
composer_missing_decision_synthesized
composer_missing_decision_synthesized
composer_missing_decision_synthesized
composer_missing_decision_synthesized
composer_missing_decision_synthesized
composer_missing_decision_synthesized
composer_missing_decision_synthesized
composer_missing_decision_synthesized
composer_missing_decision_synthesized
composer_missing_decision_synthesized
composer_missing_decision_synthesized
composer_missing_decision_synthesized
composer_missing_decision_synthesized
composer_missing_decision_synthesized
composer_missing_decision_synthesized
composer_missing_decision_synthesized
composer_missing_decision_synthesized
composer_missing_decision_synthesized
composer_missing_decision_synthesized
composer_missing_decision_synthesized
composer_missing_decision_synthesized
composer_missing_decision_synthesized
composer_missing_decision_synthesized
composer_missing_decision_synthesized
composer_missing_decision_synthesized
composer_missing_decision_synthesized
composer_missing_decision_synthesized
composer_missing_decision_synthesized
composer_missing_decision_synthesized
composer_missing_decision_synthesized
composer_missing_decision_synthesized
composer_missing_decision_synthesized
composer_missing_decision_synthesized
composer_missing_decision_synthesized
composer_missing_decision_synthesized
composer_missing_decision_synthesized
composer_missing_decision_synthesized
composer_missing_decision_synthesized
composer_missing_decision_synthesized
composer_missing_decision_synthesized
composer_missing_decision_synthesized
composer_missing_decision_synthesized
composer_missing_decision_synthesized
composer_missing_decision_synthesized
composer_missing_decision_synthesized
composer_missing_decision_synthesized
composer_missing_decision_synthesized
composer_missing_decision_synthesized
composer_missing_decision_synthesized
composer_missing_decision_synthesized
composer_missing_decision_synthesized
composer_missing_decision_synthesized
composer_missing_decision_synthesized
composer_missing_decision_synthesized
composer_missing_decision_synthesized
composer_missing_decision_synthesized
composer_missing_decision_synthesized
composer_missing_decision_synthesized
composer_missing_decision_synthesized
composer_missing_decision_synthesized
composer_missing_decision_synthesized
composer_missing_decision_synthesized
composer_missing_decision_synthesized
composer_missing_decision_synthesized
composer_missing_decision_synthesized
composer_missing_decision_synthesized
composer_missing_decision_synthesized
composer_missing_decision_synthesized
composer_missing_decision_synthesized
composer_missing_decision_synthesized
composer_missing_decision_synthesized
composer_missing_decision_synthesized
composer_missing_decision_synthesized
composer_missing_decision_synthesized
composer_missing_decision_synthesized
composer_missing_decision_synthesized
composer_missing_decision_synthesized
composer_missing_decision_synthesized
composer_missing_decision_synthesized
composer_missing_decision_synthesized
composer_missing_decision_synthesized
composer_missing_decision_synthesized
composer_missing_decision_synthesized
composer_missing_decision_synthesized
{
  "mode": "fixed",
  "merchant_id": "mocklaptops",
  "run_id": "4e7a8a9c1efd41e6bd6a54c57e6bdf7c",
  "kg_strategy": "default_v1",
  "products_processed": 50,
  "strategies_invoked": {
    "taxonomy_v1": 50,
    "parser_v1": 50,
    "specialist_v1": 50,
    "scraper_v1": 50,
    "soft_tagger_v1": 50,
    "composer_v1": 50
  },
  "strategies_succeeded": {
    "taxonomy_v1": 50,
    "parser_v1": 50,
    "specialist_v1": 50,
    "scraper_v1": 50,
    "soft_tagger_v1": 50,
    "composer_v1": 50
  },
  "strategies_failed": {},
  "avg_keys_filled_per_product": 17.92,
  "total_latency_ms": 975493,
  "total_cost_usd": 3.823767,
  "started_at": "2026-04-22T23:22:02.623561+00:00",
  "finished_at": "2026-04-22T23:38:17.667099+00:00",
  "schema_proposal_id": "2ec786ce8eb94ad6a135a977dd3985e9",
  "notes": [],
  "kg_reader_coverage": {
    "merchant_id": "mocklaptops",
    "kg_strategy": "default_v1",
    "kg_built": false,
    "referenced": 12,
    "producible": 171,
    "produced_this_run": 128,
    "missing": []
  }
}

eval written to runs/batch_200/batch3.json
[23:38:17Z] DONE batch batch3 status=0
