[23:38:38Z] START batch batch4 offset=150 limit=50
neo4j driver not installed. Install with: pip install neo4j
composer_missing_decision_synthesized
composer_missing_decision_synthesized
composer_missing_decision_synthesized
composer_missing_decision_synthesized
composer_missing_decision_synthesized
composer_missing_decision_synthesized
composer_missing_decision_synthesized
composer_missing_decision_synthesized
composer_missing_decision_synthesized
composer_missing_decision_synthesized
composer_missing_decision_synthesized
composer_missing_decision_synthesized
composer_missing_decision_synthesized
composer_missing_decision_synthesized
composer_missing_decision_synthesized
composer_missing_decision_synthesized
composer_missing_decision_synthesized
composer_missing_decision_synthesized
composer_missing_decision_synthesized
composer_missing_decision_synthesized
composer_missing_decision_synthesized
composer_missing_decision_synthesized
composer_missing_decision_synthesized
composer_missing_decision_synthesized
composer_missing_decision_synthesized
composer_missing_decision_synthesized
composer_missing_decision_synthesized
composer_missing_decision_synthesized
composer_missing_decision_synthesized
composer_missing_decision_synthesized
composer_missing_decision_synthesized
composer_missing_decision_synthesized
composer_missing_decision_synthesized
composer_missing_decision_synthesized
composer_missing_decision_synthesized
composer_missing_decision_synthesized
composer_missing_decision_synthesized
composer_missing_decision_synthesized
composer_missing_decision_synthesized
composer_missing_decision_synthesized
composer_missing_decision_synthesized
composer_missing_decision_synthesized
composer_missing_decision_synthesized
composer_missing_decision_synthesized
composer_missing_decision_synthesized
composer_missing_decision_synthesized
composer_missing_decision_synthesized
composer_missing_decision_synthesized
composer_missing_decision_synthesized
composer_missing_decision_synthesized
composer_missing_decision_synthesized
composer_missing_decision_synthesized
composer_missing_decision_synthesized
composer_missing_decision_synthesized
composer_missing_decision_synthesized
composer_missing_decision_synthesized
composer_missing_decision_synthesized
composer_missing_decision_synthesized
composer_missing_decision_synthesized
composer_missing_decision_synthesized
composer_missing_decision_synthesized
composer_missing_decision_synthesized
composer_missing_decision_synthesized
composer_missing_decision_synthesized
composer_missing_decision_synthesized
composer_missing_decision_synthesized
composer_missing_decision_synthesized
composer_missing_decision_synthesized
composer_missing_decision_synthesized
composer_missing_decision_synthesized
composer_missing_decision_synthesized
composer_missing_decision_synthesized
composer_missing_decision_synthesized
composer_missing_decision_synthesized
composer_missing_decision_synthesized
composer_missing_decision_synthesized
composer_missing_decision_synthesized
composer_missing_decision_synthesized
composer_missing_decision_synthesized
composer_missing_decision_synthesized
composer_missing_decision_synthesized
composer_missing_decision_synthesized
composer_missing_decision_synthesized
composer_missing_decision_synthesized
composer_missing_decision_synthesized
composer_missing_decision_synthesized
composer_missing_decision_synthesized
composer_missing_decision_synthesized
composer_missing_decision_synthesized
composer_missing_decision_synthesized
composer_missing_decision_synthesized
composer_missing_decision_synthesized
composer_missing_decision_synthesized
composer_missing_decision_synthesized
composer_missing_decision_synthesized
composer_missing_decision_synthesized
composer_missing_decision_synthesized
composer_missing_decision_synthesized
composer_missing_decision_synthesized
composer_missing_decision_synthesized
composer_missing_decision_synthesized
composer_missing_decision_synthesized
composer_missing_decision_synthesized
composer_missing_decision_synthesized
composer_missing_decision_synthesized
composer_missing_decision_synthesized
composer_missing_decision_synthesized
composer_missing_decision_synthesized
composer_missing_decision_synthesized
composer_missing_decision_synthesized
composer_missing_decision_synthesized
composer_missing_decision_synthesized
composer_missing_decision_synthesized
composer_missing_decision_synthesized
composer_missing_decision_synthesized
composer_missing_decision_synthesized
composer_missing_decision_synthesized
composer_missing_decision_synthesized
composer_missing_decision_synthesized
composer_missing_decision_synthesized
composer_missing_decision_synthesized
composer_missing_decision_synthesized
composer_missing_decision_synthesized
composer_missing_decision_synthesized
composer_missing_decision_synthesized
composer_missing_decision_synthesized
composer_missing_decision_synthesized
composer_missing_decision_synthesized
composer_missing_decision_synthesized
composer_missing_decision_synthesized
composer_missing_decision_synthesized
composer_missing_decision_synthesized
composer_missing_decision_synthesized
composer_missing_decision_synthesized
composer_missing_decision_synthesized
composer_missing_decision_synthesized
composer_missing_decision_synthesized
composer_missing_decision_synthesized
composer_missing_decision_synthesized
composer_missing_decision_synthesized
composer_missing_decision_synthesized
composer_missing_decision_synthesized
composer_missing_decision_synthesized
composer_missing_decision_synthesized
composer_missing_decision_synthesized
composer_missing_decision_synthesized
composer_missing_decision_synthesized
composer_missing_decision_synthesized
composer_missing_decision_synthesized
composer_missing_decision_synthesized
composer_missing_decision_synthesized
composer_missing_decision_synthesized
composer_missing_decision_synthesized
composer_missing_decision_synthesized
composer_missing_decision_synthesized
composer_missing_decision_synthesized
composer_missing_decision_synthesized
composer_missing_decision_synthesized
composer_missing_decision_synthesized
composer_missing_decision_synthesized
composer_missing_decision_synthesized
composer_missing_decision_synthesized
composer_missing_decision_synthesized
composer_missing_decision_synthesized
composer_missing_decision_synthesized
composer_missing_decision_synthesized
composer_missing_decision_synthesized
composer_missing_decision_synthesized
composer_missing_decision_synthesized
composer_missing_decision_synthesized
composer_missing_decision_synthesized
composer_missing_decision_synthesized
composer_missing_decision_synthesized
composer_missing_decision_synthesized
composer_missing_decision_synthesized
composer_missing_decision_synthesized
composer_missing_decision_synthesized
composer_missing_decision_synthesized
composer_missing_decision_synthesized
composer_missing_decision_synthesized
composer_missing_decision_synthesized
composer_missing_decision_synthesized
composer_missing_decision_synthesized
composer_missing_decision_synthesized
composer_missing_decision_synthesized
composer_missing_decision_synthesized
composer_missing_decision_synthesized
composer_missing_decision_synthesized
composer_missing_decision_synthesized
composer_missing_decision_synthesized
composer_missing_decision_synthesized
composer_missing_decision_synthesized
composer_missing_decision_synthesized
composer_missing_decision_synthesized
composer_missing_decision_synthesized
composer_missing_decision_synthesized
composer_missing_decision_synthesized
composer_missing_decision_synthesized
composer_missing_decision_synthesized
composer_missing_decision_synthesized
composer_missing_decision_synthesized
composer_missing_decision_synthesized
composer_missing_decision_synthesized
composer_missing_decision_synthesized
composer_missing_decision_synthesized
composer_missing_decision_synthesized
composer_missing_decision_synthesized
composer_missing_decision_synthesized
composer_missing_decision_synthesized
composer_missing_decision_synthesized
composer_missing_decision_synthesized
composer_missing_decision_synthesized
composer_missing_decision_synthesized
composer_missing_decision_synthesized
composer_missing_decision_synthesized
composer_missing_decision_synthesized
composer_missing_decision_synthesized
composer_missing_decision_synthesized
composer_missing_decision_synthesized
composer_missing_decision_synthesized
composer_missing_decision_synthesized
composer_missing_decision_synthesized
composer_missing_decision_synthesized
composer_missing_decision_synthesized
composer_missing_decision_synthesized
composer_missing_decision_synthesized
composer_missing_decision_synthesized
composer_missing_decision_synthesized
composer_missing_decision_synthesized
composer_missing_decision_synthesized
composer_missing_decision_synthesized
composer_missing_decision_synthesized
composer_missing_decision_synthesized
composer_missing_decision_synthesized
composer_missing_decision_synthesized
composer_missing_decision_synthesized
composer_missing_decision_synthesized
composer_missing_decision_synthesized
composer_missing_decision_synthesized
composer_missing_decision_synthesized
composer_missing_decision_synthesized
composer_missing_decision_synthesized
composer_missing_decision_synthesized
composer_missing_decision_synthesized
composer_missing_decision_synthesized
composer_missing_decision_synthesized
composer_missing_decision_synthesized
composer_missing_decision_synthesized
composer_missing_decision_synthesized
composer_missing_decision_synthesized
composer_missing_decision_synthesized
composer_missing_decision_synthesized
composer_missing_decision_synthesized
composer_missing_decision_synthesized
composer_missing_decision_synthesized
composer_missing_decision_synthesized
composer_missing_decision_synthesized
composer_missing_decision_synthesized
composer_missing_decision_synthesized
composer_missing_decision_synthesized
composer_missing_decision_synthesized
composer_missing_decision_synthesized
composer_missing_decision_synthesized
composer_missing_decision_synthesized
composer_missing_decision_synthesized
composer_missing_decision_synthesized
composer_missing_decision_synthesized
composer_missing_decision_synthesized
composer_missing_decision_synthesized
composer_missing_decision_synthesized
composer_missing_decision_synthesized
composer_missing_decision_synthesized
composer_missing_decision_synthesized
composer_missing_decision_synthesized
composer_missing_decision_synthesized
composer_missing_decision_synthesized
composer_missing_decision_synthesized
composer_missing_decision_synthesized
composer_missing_decision_synthesized
composer_missing_decision_synthesized
composer_missing_decision_synthesized
composer_missing_decision_synthesized
composer_missing_decision_synthesized
composer_missing_decision_synthesized
composer_missing_decision_synthesized
composer_missing_decision_synthesized
composer_missing_decision_synthesized
composer_missing_decision_synthesized
composer_missing_decision_synthesized
{
  "mode": "fixed",
  "merchant_id": "mocklaptops",
  "run_id": "b4fd389fe28044f5ad18f55706b1a476",
  "kg_strategy": "default_v1",
  "products_processed": 50,
  "strategies_invoked": {
    "taxonomy_v1": 50,
    "parser_v1": 50,
    "specialist_v1": 50,
    "scraper_v1": 50,
    "soft_tagger_v1": 50,
    "composer_v1": 50
  },
  "strategies_succeeded": {
    "taxonomy_v1": 50,
    "parser_v1": 50,
    "specialist_v1": 50,
    "scraper_v1": 50,
    "soft_tagger_v1": 50,
    "composer_v1": 50
  },
  "strategies_failed": {},
  "avg_keys_filled_per_product": 17.98,
  "total_latency_ms": 914130,
  "total_cost_usd": 3.778571,
  "started_at": "2026-04-22T23:38:39.732064+00:00",
  "finished_at": "2026-04-22T23:53:53.446182+00:00",
  "schema_proposal_id": "9311ef31540047679a2d0d8498279e16",
  "notes": [],
  "kg_reader_coverage": {
    "merchant_id": "mocklaptops",
    "kg_strategy": "default_v1",
    "kg_built": false,
    "referenced": 12,
    "producible": 144,
    "produced_this_run": 101,
    "missing": []
  }
}

eval written to runs/batch_200/batch4.json
[23:53:53Z] DONE batch batch4 status=0
