[00:08:42Z] START batch batch1_retrace offset=0 limit=50
neo4j driver not installed. Install with: pip install neo4j
composer_missing_decision_synthesized
composer_missing_decision_synthesized
composer_missing_decision_synthesized
composer_missing_decision_synthesized
composer_missing_decision_synthesized
composer_missing_decision_synthesized
composer_missing_decision_synthesized
composer_missing_decision_synthesized
composer_missing_decision_synthesized
composer_missing_decision_synthesized
composer_missing_decision_synthesized
composer_missing_decision_synthesized
composer_missing_decision_synthesized
composer_missing_decision_synthesized
composer_missing_decision_synthesized
composer_missing_decision_synthesized
composer_missing_decision_synthesized
composer_missing_decision_synthesized
composer_missing_decision_synthesized
composer_missing_decision_synthesized
composer_missing_decision_synthesized
composer_missing_decision_synthesized
composer_missing_decision_synthesized
composer_missing_decision_synthesized
composer_missing_decision_synthesized
composer_missing_decision_synthesized
composer_missing_decision_synthesized
composer_missing_decision_synthesized
composer_missing_decision_synthesized
composer_missing_decision_synthesized
composer_missing_decision_synthesized
composer_missing_decision_synthesized
composer_missing_decision_synthesized
composer_missing_decision_synthesized
composer_missing_decision_synthesized
composer_missing_decision_synthesized
composer_missing_decision_synthesized
composer_missing_decision_synthesized
composer_missing_decision_synthesized
composer_missing_decision_synthesized
composer_missing_decision_synthesized
composer_missing_decision_synthesized
composer_missing_decision_synthesized
composer_missing_decision_synthesized
composer_missing_decision_synthesized
composer_missing_decision_synthesized
composer_missing_decision_synthesized
composer_missing_decision_synthesized
composer_missing_decision_synthesized
composer_missing_decision_synthesized
composer_missing_decision_synthesized
composer_missing_decision_synthesized
composer_missing_decision_synthesized
composer_missing_decision_synthesized
composer_missing_decision_synthesized
composer_missing_decision_synthesized
composer_missing_decision_synthesized
composer_missing_decision_synthesized
composer_missing_decision_synthesized
composer_missing_decision_synthesized
composer_missing_decision_synthesized
composer_missing_decision_synthesized
composer_missing_decision_synthesized
composer_missing_decision_synthesized
composer_missing_decision_synthesized
composer_missing_decision_synthesized
composer_missing_decision_synthesized
composer_missing_decision_synthesized
composer_missing_decision_synthesized
composer_missing_decision_synthesized
composer_missing_decision_synthesized
composer_missing_decision_synthesized
composer_missing_decision_synthesized
composer_missing_decision_synthesized
composer_missing_decision_synthesized
composer_missing_decision_synthesized
composer_missing_decision_synthesized
composer_missing_decision_synthesized
composer_missing_decision_synthesized
composer_missing_decision_synthesized
composer_missing_decision_synthesized
composer_missing_decision_synthesized
composer_missing_decision_synthesized
composer_missing_decision_synthesized
composer_missing_decision_synthesized
composer_missing_decision_synthesized
composer_missing_decision_synthesized
composer_missing_decision_synthesized
composer_missing_decision_synthesized
composer_missing_decision_synthesized
composer_missing_decision_synthesized
composer_missing_decision_synthesized
composer_missing_decision_synthesized
composer_missing_decision_synthesized
composer_missing_decision_synthesized
composer_missing_decision_synthesized
composer_missing_decision_synthesized
composer_missing_decision_synthesized
composer_missing_decision_synthesized
composer_missing_decision_synthesized
composer_missing_decision_synthesized
composer_missing_decision_synthesized
composer_missing_decision_synthesized
composer_missing_decision_synthesized
composer_missing_decision_synthesized
composer_missing_decision_synthesized
composer_missing_decision_synthesized
composer_missing_decision_synthesized
composer_missing_decision_synthesized
composer_missing_decision_synthesized
composer_missing_decision_synthesized
composer_missing_decision_synthesized
composer_missing_decision_synthesized
composer_missing_decision_synthesized
composer_missing_decision_synthesized
composer_missing_decision_synthesized
composer_missing_decision_synthesized
composer_missing_decision_synthesized
composer_missing_decision_synthesized
composer_missing_decision_synthesized
composer_missing_decision_synthesized
composer_missing_decision_synthesized
composer_missing_decision_synthesized
composer_missing_decision_synthesized
composer_missing_decision_synthesized
composer_missing_decision_synthesized
composer_missing_decision_synthesized
composer_missing_decision_synthesized
composer_missing_decision_synthesized
composer_missing_decision_synthesized
composer_missing_decision_synthesized
composer_missing_decision_synthesized
composer_missing_decision_synthesized
composer_missing_decision_synthesized
composer_missing_decision_synthesized
composer_missing_decision_synthesized
composer_missing_decision_synthesized
composer_missing_decision_synthesized
composer_missing_decision_synthesized
composer_missing_decision_synthesized
composer_missing_decision_synthesized
composer_missing_decision_synthesized
composer_missing_decision_synthesized
composer_missing_decision_synthesized
composer_missing_decision_synthesized
composer_missing_decision_synthesized
composer_missing_decision_synthesized
composer_missing_decision_synthesized
composer_missing_decision_synthesized
composer_missing_decision_synthesized
composer_missing_decision_synthesized
composer_missing_decision_synthesized
composer_missing_decision_synthesized
composer_missing_decision_synthesized
composer_missing_decision_synthesized
composer_missing_decision_synthesized
composer_missing_decision_synthesized
composer_missing_decision_synthesized
composer_missing_decision_synthesized
composer_missing_decision_synthesized
composer_missing_decision_synthesized
composer_missing_decision_synthesized
composer_missing_decision_synthesized
composer_missing_decision_synthesized
composer_missing_decision_synthesized
composer_missing_decision_synthesized
composer_missing_decision_synthesized
composer_missing_decision_synthesized
composer_missing_decision_synthesized
composer_missing_decision_synthesized
composer_missing_decision_synthesized
composer_missing_decision_synthesized
composer_missing_decision_synthesized
composer_missing_decision_synthesized
composer_missing_decision_synthesized
composer_missing_decision_synthesized
composer_missing_decision_synthesized
composer_missing_decision_synthesized
composer_missing_decision_synthesized
composer_missing_decision_synthesized
composer_missing_decision_synthesized
composer_missing_decision_synthesized
composer_missing_decision_synthesized
composer_missing_decision_synthesized
composer_missing_decision_synthesized
composer_missing_decision_synthesized
composer_missing_decision_synthesized
composer_missing_decision_synthesized
composer_missing_decision_synthesized
composer_missing_decision_synthesized
composer_missing_decision_synthesized
composer_missing_decision_synthesized
composer_missing_decision_synthesized
composer_missing_decision_synthesized
composer_missing_decision_synthesized
composer_missing_decision_synthesized
composer_missing_decision_synthesized
composer_missing_decision_synthesized
composer_missing_decision_synthesized
composer_missing_decision_synthesized
composer_missing_decision_synthesized
composer_missing_decision_synthesized
composer_missing_decision_synthesized
composer_missing_decision_synthesized
composer_missing_decision_synthesized
composer_missing_decision_synthesized
composer_missing_decision_synthesized
composer_missing_decision_synthesized
composer_missing_decision_synthesized
composer_missing_decision_synthesized
composer_missing_decision_synthesized
composer_missing_decision_synthesized
composer_missing_decision_synthesized
composer_missing_decision_synthesized
composer_missing_decision_synthesized
composer_missing_decision_synthesized
composer_missing_decision_synthesized
composer_missing_decision_synthesized
composer_missing_decision_synthesized
composer_missing_decision_synthesized
composer_missing_decision_synthesized
composer_missing_decision_synthesized
composer_missing_decision_synthesized
composer_missing_decision_synthesized
composer_missing_decision_synthesized
composer_missing_decision_synthesized
composer_missing_decision_synthesized
composer_missing_decision_synthesized
composer_missing_decision_synthesized
composer_missing_decision_synthesized
composer_missing_decision_synthesized
composer_missing_decision_synthesized
composer_missing_decision_synthesized
composer_missing_decision_synthesized
composer_missing_decision_synthesized
composer_missing_decision_synthesized
composer_missing_decision_synthesized
composer_missing_decision_synthesized
composer_missing_decision_synthesized
{
  "mode": "fixed",
  "merchant_id": "mocklaptops",
  "run_id": "2e4b9ea4fd6348fa84c3d34056cf30f2",
  "kg_strategy": "default_v1",
  "products_processed": 50,
  "strategies_invoked": {
    "taxonomy_v1": 50,
    "parser_v1": 50,
    "specialist_v1": 50,
    "scraper_v1": 50,
    "soft_tagger_v1": 50,
    "composer_v1": 50
  },
  "strategies_succeeded": {
    "taxonomy_v1": 50,
    "parser_v1": 50,
    "specialist_v1": 50,
    "scraper_v1": 50,
    "soft_tagger_v1": 50,
    "composer_v1": 50
  },
  "strategies_failed": {},
  "avg_keys_filled_per_product": 17.88,
  "total_latency_ms": 1237194,
  "total_cost_usd": 3.758921,
  "started_at": "2026-04-23T00:08:43.577294+00:00",
  "finished_at": "2026-04-23T00:29:20.324917+00:00",
  "schema_proposal_id": "f32e05fd1f2049499811a42c4654b328",
  "notes": [],
  "kg_reader_coverage": {
    "merchant_id": "mocklaptops",
    "kg_strategy": "default_v1",
    "kg_built": false,
    "referenced": 12,
    "producible": 158,
    "produced_this_run": 115,
    "missing": []
  }
}

eval written to runs/batch_200/batch1_retrace.json
[00:29:21Z] DONE batch batch1_retrace status=0
