[22:45:01Z] START batch batch1 offset=0 limit=50
neo4j driver not installed. Install with: pip install neo4j
composer_missing_decision_synthesized
composer_missing_decision_synthesized
composer_missing_decision_synthesized
composer_missing_decision_synthesized
composer_missing_decision_synthesized
composer_missing_decision_synthesized
composer_missing_decision_synthesized
composer_missing_decision_synthesized
composer_missing_decision_synthesized
composer_missing_decision_synthesized
composer_missing_decision_synthesized
composer_missing_decision_synthesized
composer_missing_decision_synthesized
composer_missing_decision_synthesized
composer_missing_decision_synthesized
composer_missing_decision_synthesized
composer_missing_decision_synthesized
composer_missing_decision_synthesized
composer_missing_decision_synthesized
composer_missing_decision_synthesized
composer_missing_decision_synthesized
composer_missing_decision_synthesized
composer_missing_decision_synthesized
composer_missing_decision_synthesized
composer_missing_decision_synthesized
composer_missing_decision_synthesized
composer_missing_decision_synthesized
composer_missing_decision_synthesized
composer_missing_decision_synthesized
composer_missing_decision_synthesized
composer_missing_decision_synthesized
composer_missing_decision_synthesized
composer_missing_decision_synthesized
composer_missing_decision_synthesized
composer_missing_decision_synthesized
composer_missing_decision_synthesized
composer_missing_decision_synthesized
composer_missing_decision_synthesized
composer_missing_decision_synthesized
composer_missing_decision_synthesized
composer_missing_decision_synthesized
composer_missing_decision_synthesized
composer_missing_decision_synthesized
composer_missing_decision_synthesized
composer_missing_decision_synthesized
composer_missing_decision_synthesized
composer_missing_decision_synthesized
composer_missing_decision_synthesized
composer_missing_decision_synthesized
composer_missing_decision_synthesized
composer_missing_decision_synthesized
composer_missing_decision_synthesized
composer_missing_decision_synthesized
composer_missing_decision_synthesized
composer_missing_decision_synthesized
composer_missing_decision_synthesized
composer_missing_decision_synthesized
composer_missing_decision_synthesized
composer_missing_decision_synthesized
composer_missing_decision_synthesized
composer_missing_decision_synthesized
composer_missing_decision_synthesized
composer_missing_decision_synthesized
composer_missing_decision_synthesized
composer_missing_decision_synthesized
composer_missing_decision_synthesized
composer_missing_decision_synthesized
composer_missing_decision_synthesized
composer_missing_decision_synthesized
composer_missing_decision_synthesized
composer_missing_decision_synthesized
composer_missing_decision_synthesized
composer_missing_decision_synthesized
composer_missing_decision_synthesized
composer_missing_decision_synthesized
composer_missing_decision_synthesized
composer_missing_decision_synthesized
composer_missing_decision_synthesized
composer_missing_decision_synthesized
composer_missing_decision_synthesized
composer_missing_decision_synthesized
composer_missing_decision_synthesized
composer_missing_decision_synthesized
composer_missing_decision_synthesized
composer_missing_decision_synthesized
composer_missing_decision_synthesized
composer_missing_decision_synthesized
composer_missing_decision_synthesized
composer_missing_decision_synthesized
composer_missing_decision_synthesized
composer_missing_decision_synthesized
composer_missing_decision_synthesized
composer_missing_decision_synthesized
composer_missing_decision_synthesized
composer_missing_decision_synthesized
composer_missing_decision_synthesized
composer_missing_decision_synthesized
composer_missing_decision_synthesized
composer_missing_decision_synthesized
composer_missing_decision_synthesized
composer_missing_decision_synthesized
composer_missing_decision_synthesized
composer_missing_decision_synthesized
composer_missing_decision_synthesized
composer_missing_decision_synthesized
composer_missing_decision_synthesized
composer_missing_decision_synthesized
composer_missing_decision_synthesized
composer_missing_decision_synthesized
composer_missing_decision_synthesized
composer_missing_decision_synthesized
composer_missing_decision_synthesized
composer_missing_decision_synthesized
composer_missing_decision_synthesized
composer_missing_decision_synthesized
composer_missing_decision_synthesized
composer_missing_decision_synthesized
composer_missing_decision_synthesized
composer_missing_decision_synthesized
composer_missing_decision_synthesized
composer_missing_decision_synthesized
composer_missing_decision_synthesized
composer_missing_decision_synthesized
composer_missing_decision_synthesized
composer_missing_decision_synthesized
composer_missing_decision_synthesized
composer_missing_decision_synthesized
composer_missing_decision_synthesized
composer_missing_decision_synthesized
composer_missing_decision_synthesized
composer_missing_decision_synthesized
composer_missing_decision_synthesized
composer_missing_decision_synthesized
composer_missing_decision_synthesized
composer_missing_decision_synthesized
composer_missing_decision_synthesized
composer_missing_decision_synthesized
composer_missing_decision_synthesized
composer_missing_decision_synthesized
composer_missing_decision_synthesized
composer_missing_decision_synthesized
composer_missing_decision_synthesized
composer_missing_decision_synthesized
composer_missing_decision_synthesized
composer_missing_decision_synthesized
composer_missing_decision_synthesized
composer_missing_decision_synthesized
composer_missing_decision_synthesized
composer_missing_decision_synthesized
composer_missing_decision_synthesized
composer_missing_decision_synthesized
composer_missing_decision_synthesized
composer_missing_decision_synthesized
composer_missing_decision_synthesized
composer_missing_decision_synthesized
composer_missing_decision_synthesized
composer_missing_decision_synthesized
composer_missing_decision_synthesized
composer_missing_decision_synthesized
composer_missing_decision_synthesized
composer_missing_decision_synthesized
composer_missing_decision_synthesized
composer_missing_decision_synthesized
composer_missing_decision_synthesized
composer_missing_decision_synthesized
composer_missing_decision_synthesized
composer_missing_decision_synthesized
composer_missing_decision_synthesized
composer_missing_decision_synthesized
composer_missing_decision_synthesized
composer_missing_decision_synthesized
composer_missing_decision_synthesized
composer_missing_decision_synthesized
composer_missing_decision_synthesized
composer_missing_decision_synthesized
composer_missing_decision_synthesized
composer_missing_decision_synthesized
composer_missing_decision_synthesized
composer_missing_decision_synthesized
composer_missing_decision_synthesized
composer_missing_decision_synthesized
composer_missing_decision_synthesized
composer_missing_decision_synthesized
composer_missing_decision_synthesized
composer_missing_decision_synthesized
composer_missing_decision_synthesized
composer_missing_decision_synthesized
composer_missing_decision_synthesized
composer_missing_decision_synthesized
composer_missing_decision_synthesized
composer_missing_decision_synthesized
composer_missing_decision_synthesized
composer_missing_decision_synthesized
composer_missing_decision_synthesized
composer_missing_decision_synthesized
composer_missing_decision_synthesized
composer_missing_decision_synthesized
composer_missing_decision_synthesized
composer_missing_decision_synthesized
composer_missing_decision_synthesized
composer_missing_decision_synthesized
composer_missing_decision_synthesized
composer_missing_decision_synthesized
composer_missing_decision_synthesized
composer_missing_decision_synthesized
composer_missing_decision_synthesized
composer_missing_decision_synthesized
composer_missing_decision_synthesized
composer_missing_decision_synthesized
composer_missing_decision_synthesized
composer_missing_decision_synthesized
composer_missing_decision_synthesized
composer_missing_decision_synthesized
composer_missing_decision_synthesized
composer_missing_decision_synthesized
composer_missing_decision_synthesized
composer_missing_decision_synthesized
composer_missing_decision_synthesized
composer_missing_decision_synthesized
composer_missing_decision_synthesized
composer_missing_decision_synthesized
composer_missing_decision_synthesized
composer_missing_decision_synthesized
composer_missing_decision_synthesized
composer_missing_decision_synthesized
composer_missing_decision_synthesized
composer_missing_decision_synthesized
composer_missing_decision_synthesized
composer_missing_decision_synthesized
composer_missing_decision_synthesized
composer_missing_decision_synthesized
composer_missing_decision_synthesized
composer_missing_decision_synthesized
composer_missing_decision_synthesized
composer_missing_decision_synthesized
composer_missing_decision_synthesized
composer_missing_decision_synthesized
composer_missing_decision_synthesized
composer_missing_decision_synthesized
composer_missing_decision_synthesized
composer_missing_decision_synthesized
composer_missing_decision_synthesized
composer_missing_decision_synthesized
composer_missing_decision_synthesized
composer_missing_decision_synthesized
composer_missing_decision_synthesized
composer_missing_decision_synthesized
composer_missing_decision_synthesized
composer_missing_decision_synthesized
composer_missing_decision_synthesized
composer_missing_decision_synthesized
composer_missing_decision_synthesized
composer_missing_decision_synthesized
composer_missing_decision_synthesized
composer_missing_decision_synthesized
composer_missing_decision_synthesized
composer_missing_decision_synthesized
composer_missing_decision_synthesized
composer_missing_decision_synthesized
composer_missing_decision_synthesized
composer_missing_decision_synthesized
composer_missing_decision_synthesized
composer_missing_decision_synthesized
composer_missing_decision_synthesized
composer_missing_decision_synthesized
composer_missing_decision_synthesized
composer_missing_decision_synthesized
composer_missing_decision_synthesized
composer_missing_decision_synthesized
composer_missing_decision_synthesized
composer_missing_decision_synthesized
composer_missing_decision_synthesized
composer_missing_decision_synthesized
composer_missing_decision_synthesized
composer_missing_decision_synthesized
composer_missing_decision_synthesized
composer_missing_decision_synthesized
composer_missing_decision_synthesized
composer_missing_decision_synthesized
composer_missing_decision_synthesized
composer_missing_decision_synthesized
composer_missing_decision_synthesized
composer_missing_decision_synthesized
composer_missing_decision_synthesized
composer_missing_decision_synthesized
composer_missing_decision_synthesized
composer_missing_decision_synthesized
composer_missing_decision_synthesized
composer_missing_decision_synthesized
composer_missing_decision_synthesized
composer_missing_decision_synthesized
composer_missing_decision_synthesized
composer_missing_decision_synthesized
composer_missing_decision_synthesized
composer_missing_decision_synthesized
composer_missing_decision_synthesized
composer_missing_decision_synthesized
composer_missing_decision_synthesized
composer_missing_decision_synthesized
composer_missing_decision_synthesized
composer_missing_decision_synthesized
{
  "mode": "fixed",
  "merchant_id": "mocklaptops",
  "run_id": "e4cdfd1e9cc042549861ae60159be16f",
  "kg_strategy": "default_v1",
  "products_processed": 50,
  "strategies_invoked": {
    "taxonomy_v1": 50,
    "parser_v1": 50,
    "specialist_v1": 50,
    "scraper_v1": 50,
    "soft_tagger_v1": 50,
    "composer_v1": 50
  },
  "strategies_succeeded": {
    "taxonomy_v1": 50,
    "parser_v1": 50,
    "specialist_v1": 50,
    "scraper_v1": 50,
    "soft_tagger_v1": 50,
    "composer_v1": 50
  },
  "strategies_failed": {},
  "avg_keys_filled_per_product": 17.92,
  "total_latency_ms": 1006381,
  "total_cost_usd": 3.860605,
  "started_at": "2026-04-22T22:45:02.772055+00:00",
  "finished_at": "2026-04-22T23:01:48.696635+00:00",
  "schema_proposal_id": "86a711cbc9b146a7a17e51149f4ffc77",
  "notes": [],
  "kg_reader_coverage": {
    "merchant_id": "mocklaptops",
    "kg_strategy": "default_v1",
    "kg_built": false,
    "referenced": 12,
    "producible": 159,
    "produced_this_run": 116,
    "missing": []
  }
}

eval written to runs/batch_200/batch1.json
[23:01:48Z] DONE batch batch1 status=0
