[23:02:08Z] START batch batch2 offset=50 limit=50
neo4j driver not installed. Install with: pip install neo4j
composer_missing_decision_synthesized
composer_missing_decision_synthesized
composer_missing_decision_synthesized
composer_missing_decision_synthesized
composer_missing_decision_synthesized
composer_missing_decision_synthesized
composer_missing_decision_synthesized
composer_missing_decision_synthesized
composer_missing_decision_synthesized
composer_missing_decision_synthesized
composer_missing_decision_synthesized
composer_missing_decision_synthesized
composer_missing_decision_synthesized
composer_missing_decision_synthesized
composer_missing_decision_synthesized
composer_missing_decision_synthesized
composer_missing_decision_synthesized
composer_missing_decision_synthesized
composer_missing_decision_synthesized
composer_missing_decision_synthesized
composer_missing_decision_synthesized
composer_missing_decision_synthesized
composer_missing_decision_synthesized
composer_missing_decision_synthesized
composer_missing_decision_synthesized
composer_missing_decision_synthesized
composer_missing_decision_synthesized
composer_missing_decision_synthesized
composer_missing_decision_synthesized
composer_missing_decision_synthesized
composer_missing_decision_synthesized
composer_missing_decision_synthesized
composer_missing_decision_synthesized
composer_missing_decision_synthesized
composer_missing_decision_synthesized
composer_missing_decision_synthesized
composer_missing_decision_synthesized
composer_missing_decision_synthesized
composer_missing_decision_synthesized
composer_missing_decision_synthesized
composer_missing_decision_synthesized
composer_missing_decision_synthesized
composer_missing_decision_synthesized
composer_missing_decision_synthesized
composer_missing_decision_synthesized
composer_missing_decision_synthesized
composer_missing_decision_synthesized
composer_missing_decision_synthesized
composer_missing_decision_synthesized
composer_missing_decision_synthesized
composer_missing_decision_synthesized
composer_missing_decision_synthesized
composer_missing_decision_synthesized
composer_missing_decision_synthesized
composer_missing_decision_synthesized
composer_missing_decision_synthesized
composer_missing_decision_synthesized
composer_missing_decision_synthesized
composer_missing_decision_synthesized
composer_missing_decision_synthesized
composer_missing_decision_synthesized
composer_missing_decision_synthesized
composer_missing_decision_synthesized
composer_missing_decision_synthesized
composer_missing_decision_synthesized
composer_missing_decision_synthesized
composer_missing_decision_synthesized
composer_missing_decision_synthesized
composer_missing_decision_synthesized
composer_missing_decision_synthesized
composer_missing_decision_synthesized
composer_missing_decision_synthesized
composer_missing_decision_synthesized
composer_missing_decision_synthesized
composer_missing_decision_synthesized
composer_missing_decision_synthesized
composer_missing_decision_synthesized
composer_missing_decision_synthesized
composer_missing_decision_synthesized
composer_missing_decision_synthesized
composer_missing_decision_synthesized
composer_missing_decision_synthesized
composer_missing_decision_synthesized
composer_missing_decision_synthesized
composer_missing_decision_synthesized
composer_missing_decision_synthesized
composer_missing_decision_synthesized
composer_missing_decision_synthesized
composer_missing_decision_synthesized
composer_missing_decision_synthesized
composer_missing_decision_synthesized
composer_missing_decision_synthesized
composer_missing_decision_synthesized
composer_missing_decision_synthesized
composer_missing_decision_synthesized
composer_missing_decision_synthesized
composer_missing_decision_synthesized
composer_missing_decision_synthesized
composer_missing_decision_synthesized
composer_missing_decision_synthesized
composer_missing_decision_synthesized
composer_missing_decision_synthesized
composer_missing_decision_synthesized
composer_missing_decision_synthesized
composer_missing_decision_synthesized
composer_missing_decision_synthesized
composer_missing_decision_synthesized
composer_missing_decision_synthesized
composer_missing_decision_synthesized
composer_missing_decision_synthesized
composer_missing_decision_synthesized
composer_missing_decision_synthesized
composer_missing_decision_synthesized
composer_missing_decision_synthesized
composer_missing_decision_synthesized
composer_missing_decision_synthesized
composer_missing_decision_synthesized
composer_missing_decision_synthesized
composer_missing_decision_synthesized
composer_missing_decision_synthesized
composer_missing_decision_synthesized
composer_missing_decision_synthesized
composer_missing_decision_synthesized
composer_missing_decision_synthesized
composer_missing_decision_synthesized
composer_missing_decision_synthesized
composer_missing_decision_synthesized
composer_missing_decision_synthesized
composer_missing_decision_synthesized
composer_missing_decision_synthesized
composer_missing_decision_synthesized
composer_missing_decision_synthesized
composer_missing_decision_synthesized
composer_missing_decision_synthesized
composer_missing_decision_synthesized
composer_missing_decision_synthesized
composer_missing_decision_synthesized
composer_missing_decision_synthesized
composer_missing_decision_synthesized
composer_missing_decision_synthesized
composer_missing_decision_synthesized
composer_missing_decision_synthesized
composer_missing_decision_synthesized
composer_missing_decision_synthesized
composer_missing_decision_synthesized
composer_missing_decision_synthesized
composer_missing_decision_synthesized
composer_missing_decision_synthesized
composer_missing_decision_synthesized
composer_missing_decision_synthesized
composer_missing_decision_synthesized
composer_missing_decision_synthesized
composer_missing_decision_synthesized
composer_missing_decision_synthesized
composer_missing_decision_synthesized
composer_missing_decision_synthesized
composer_missing_decision_synthesized
composer_missing_decision_synthesized
composer_missing_decision_synthesized
composer_missing_decision_synthesized
composer_missing_decision_synthesized
composer_missing_decision_synthesized
composer_missing_decision_synthesized
composer_missing_decision_synthesized
composer_missing_decision_synthesized
composer_missing_decision_synthesized
composer_missing_decision_synthesized
composer_missing_decision_synthesized
composer_missing_decision_synthesized
composer_missing_decision_synthesized
composer_missing_decision_synthesized
composer_missing_decision_synthesized
composer_missing_decision_synthesized
composer_missing_decision_synthesized
composer_missing_decision_synthesized
composer_missing_decision_synthesized
composer_missing_decision_synthesized
composer_missing_decision_synthesized
composer_missing_decision_synthesized
composer_missing_decision_synthesized
composer_missing_decision_synthesized
composer_missing_decision_synthesized
composer_missing_decision_synthesized
composer_missing_decision_synthesized
composer_missing_decision_synthesized
composer_missing_decision_synthesized
composer_missing_decision_synthesized
composer_missing_decision_synthesized
composer_missing_decision_synthesized
composer_missing_decision_synthesized
composer_missing_decision_synthesized
composer_missing_decision_synthesized
composer_missing_decision_synthesized
composer_missing_decision_synthesized
composer_missing_decision_synthesized
composer_missing_decision_synthesized
composer_missing_decision_synthesized
composer_missing_decision_synthesized
composer_missing_decision_synthesized
composer_missing_decision_synthesized
composer_missing_decision_synthesized
composer_missing_decision_synthesized
composer_missing_decision_synthesized
composer_missing_decision_synthesized
composer_missing_decision_synthesized
composer_missing_decision_synthesized
composer_missing_decision_synthesized
composer_missing_decision_synthesized
composer_missing_decision_synthesized
composer_missing_decision_synthesized
composer_missing_decision_synthesized
composer_missing_decision_synthesized
composer_missing_decision_synthesized
composer_missing_decision_synthesized
composer_missing_decision_synthesized
composer_missing_decision_synthesized
composer_missing_decision_synthesized
composer_missing_decision_synthesized
composer_missing_decision_synthesized
composer_missing_decision_synthesized
composer_missing_decision_synthesized
composer_missing_decision_synthesized
composer_missing_decision_synthesized
composer_missing_decision_synthesized
composer_missing_decision_synthesized
composer_missing_decision_synthesized
composer_missing_decision_synthesized
composer_missing_decision_synthesized
composer_missing_decision_synthesized
composer_missing_decision_synthesized
composer_missing_decision_synthesized
composer_missing_decision_synthesized
composer_missing_decision_synthesized
composer_missing_decision_synthesized
composer_missing_decision_synthesized
composer_missing_decision_synthesized
composer_missing_decision_synthesized
composer_missing_decision_synthesized
composer_missing_decision_synthesized
composer_missing_decision_synthesized
composer_missing_decision_synthesized
composer_missing_decision_synthesized
composer_missing_decision_synthesized
composer_missing_decision_synthesized
composer_missing_decision_synthesized
composer_missing_decision_synthesized
composer_missing_decision_synthesized
composer_missing_decision_synthesized
composer_missing_decision_synthesized
composer_missing_decision_synthesized
composer_missing_decision_synthesized
composer_missing_decision_synthesized
composer_missing_decision_synthesized
composer_missing_decision_synthesized
composer_missing_decision_synthesized
composer_missing_decision_synthesized
composer_missing_decision_synthesized
composer_missing_decision_synthesized
composer_missing_decision_synthesized
composer_missing_decision_synthesized
composer_missing_decision_synthesized
composer_missing_decision_synthesized
composer_missing_decision_synthesized
composer_missing_decision_synthesized
composer_missing_decision_synthesized
composer_missing_decision_synthesized
composer_missing_decision_synthesized
composer_missing_decision_synthesized
composer_missing_decision_synthesized
composer_missing_decision_synthesized
composer_missing_decision_synthesized
composer_missing_decision_synthesized
composer_missing_decision_synthesized
composer_missing_decision_synthesized
composer_missing_decision_synthesized
composer_missing_decision_synthesized
composer_missing_decision_synthesized
composer_missing_decision_synthesized
composer_missing_decision_synthesized
composer_missing_decision_synthesized
composer_missing_decision_synthesized
composer_missing_decision_synthesized
composer_missing_decision_synthesized
composer_missing_decision_synthesized
composer_missing_decision_synthesized
composer_missing_decision_synthesized
composer_missing_decision_synthesized
composer_missing_decision_synthesized
composer_missing_decision_synthesized
{
  "mode": "fixed",
  "merchant_id": "mocklaptops",
  "run_id": "de1f596b21b347b18da81e697bbe882a",
  "kg_strategy": "default_v1",
  "products_processed": 50,
  "strategies_invoked": {
    "taxonomy_v1": 50,
    "parser_v1": 50,
    "specialist_v1": 50,
    "scraper_v1": 50,
    "soft_tagger_v1": 50,
    "composer_v1": 50
  },
  "strategies_succeeded": {
    "taxonomy_v1": 50,
    "parser_v1": 50,
    "specialist_v1": 50,
    "scraper_v1": 50,
    "soft_tagger_v1": 50,
    "composer_v1": 50
  },
  "strategies_failed": {},
  "avg_keys_filled_per_product": 17.86,
  "total_latency_ms": 1099447,
  "total_cost_usd": 3.867599,
  "started_at": "2026-04-22T23:02:09.410292+00:00",
  "finished_at": "2026-04-22T23:20:28.449467+00:00",
  "schema_proposal_id": "af14d2f7f51d45fcb93bff7832677df0",
  "notes": [],
  "kg_reader_coverage": {
    "merchant_id": "mocklaptops",
    "kg_strategy": "default_v1",
    "kg_built": false,
    "referenced": 12,
    "producible": 159,
    "produced_this_run": 117,
    "missing": []
  }
}

eval written to runs/batch_200/batch2.json
[23:20:28Z] DONE batch batch2 status=0
